2020-08-20 08:14:17 [restartedMain] INFO  c.q.cs.QdmCareSupervisorApplication - Starting QdmCareSupervisorApplication on LAPTOP-GBKRVFU8 with PID 7260 (C:\Users\nandh\git\repository4\qdm-care-supervisor\target\classes started by nandh in C:\Users\nandh\git\repository4\qdm-care-supervisor)
2020-08-20 08:14:17 [restartedMain] DEBUG c.q.cs.QdmCareSupervisorApplication - Running with Spring Boot v2.3.2.RELEASE, Spring v5.2.8.RELEASE
2020-08-20 08:14:17 [restartedMain] INFO  c.q.cs.QdmCareSupervisorApplication - The following profiles are active: dev
2020-08-20 08:14:57 [restartedMain] INFO  c.q.cs.QdmCareSupervisorApplication - Starting QdmCareSupervisorApplication on LAPTOP-GBKRVFU8 with PID 2008 (C:\Users\nandh\git\repository4\qdm-care-supervisor\target\classes started by nandh in C:\Users\nandh\git\repository4\qdm-care-supervisor)
2020-08-20 08:14:57 [restartedMain] DEBUG c.q.cs.QdmCareSupervisorApplication - Running with Spring Boot v2.3.2.RELEASE, Spring v5.2.8.RELEASE
2020-08-20 08:14:57 [restartedMain] INFO  c.q.cs.QdmCareSupervisorApplication - The following profiles are active: dev
2020-08-20 08:15:01 [restartedMain] INFO  c.q.cs.QdmCareSupervisorApplication - Started QdmCareSupervisorApplication in 4.108 seconds (JVM running for 4.996)
2020-08-20 08:15:19 [restartedMain] INFO  c.q.cs.QdmCareSupervisorApplication - Starting QdmCareSupervisorApplication on LAPTOP-GBKRVFU8 with PID 2008 (C:\Users\nandh\git\repository4\qdm-care-supervisor\target\classes started by nandh in C:\Users\nandh\git\repository4\qdm-care-supervisor)
2020-08-20 08:15:19 [restartedMain] DEBUG c.q.cs.QdmCareSupervisorApplication - Running with Spring Boot v2.3.2.RELEASE, Spring v5.2.8.RELEASE
2020-08-20 08:15:19 [restartedMain] INFO  c.q.cs.QdmCareSupervisorApplication - The following profiles are active: dev
2020-08-20 08:15:20 [restartedMain] INFO  c.q.cs.QdmCareSupervisorApplication - Started QdmCareSupervisorApplication in 1.407 seconds (JVM running for 24.36)
2020-08-20 08:18:06 [restartedMain] INFO  c.q.cs.QdmCareSupervisorApplication - Starting QdmCareSupervisorApplication on LAPTOP-GBKRVFU8 with PID 2008 (C:\Users\nandh\git\repository4\qdm-care-supervisor\target\classes started by nandh in C:\Users\nandh\git\repository4\qdm-care-supervisor)
2020-08-20 08:18:06 [restartedMain] DEBUG c.q.cs.QdmCareSupervisorApplication - Running with Spring Boot v2.3.2.RELEASE, Spring v5.2.8.RELEASE
2020-08-20 08:18:06 [restartedMain] INFO  c.q.cs.QdmCareSupervisorApplication - The following profiles are active: dev
2020-08-20 08:18:07 [restartedMain] INFO  c.q.cs.QdmCareSupervisorApplication - Started QdmCareSupervisorApplication in 1.798 seconds (JVM running for 191.297)
2020-08-20 08:19:00 [restartedMain] INFO  c.q.cs.QdmCareSupervisorApplication - Starting QdmCareSupervisorApplication on LAPTOP-GBKRVFU8 with PID 2008 (C:\Users\nandh\git\repository4\qdm-care-supervisor\target\classes started by nandh in C:\Users\nandh\git\repository4\qdm-care-supervisor)
2020-08-20 08:19:00 [restartedMain] DEBUG c.q.cs.QdmCareSupervisorApplication - Running with Spring Boot v2.3.2.RELEASE, Spring v5.2.8.RELEASE
2020-08-20 08:19:00 [restartedMain] INFO  c.q.cs.QdmCareSupervisorApplication - The following profiles are active: dev
2020-08-20 08:19:02 [restartedMain] INFO  c.q.cs.QdmCareSupervisorApplication - Started QdmCareSupervisorApplication in 1.896 seconds (JVM running for 246.059)
2020-08-20 08:24:14 [restartedMain] INFO  c.q.cs.QdmCareSupervisorApplication - Starting QdmCareSupervisorApplication on LAPTOP-GBKRVFU8 with PID 2008 (C:\Users\nandh\git\repository4\qdm-care-supervisor\target\classes started by nandh in C:\Users\nandh\git\repository4\qdm-care-supervisor)
2020-08-20 08:24:14 [restartedMain] DEBUG c.q.cs.QdmCareSupervisorApplication - Running with Spring Boot v2.3.2.RELEASE, Spring v5.2.8.RELEASE
2020-08-20 08:24:14 [restartedMain] INFO  c.q.cs.QdmCareSupervisorApplication - The following profiles are active: dev
2020-08-20 08:24:15 [restartedMain] INFO  c.q.cs.QdmCareSupervisorApplication - Started QdmCareSupervisorApplication in 1.379 seconds (JVM running for 559.317)
2020-08-20 08:24:42 [restartedMain] INFO  c.q.cs.QdmCareSupervisorApplication - Starting QdmCareSupervisorApplication on LAPTOP-GBKRVFU8 with PID 2008 (C:\Users\nandh\git\repository4\qdm-care-supervisor\target\classes started by nandh in C:\Users\nandh\git\repository4\qdm-care-supervisor)
2020-08-20 08:24:42 [restartedMain] DEBUG c.q.cs.QdmCareSupervisorApplication - Running with Spring Boot v2.3.2.RELEASE, Spring v5.2.8.RELEASE
2020-08-20 08:24:42 [restartedMain] INFO  c.q.cs.QdmCareSupervisorApplication - The following profiles are active: dev
2020-08-20 08:24:43 [restartedMain] INFO  c.q.cs.QdmCareSupervisorApplication - Started QdmCareSupervisorApplication in 1.533 seconds (JVM running for 587.003)
2020-08-20 08:25:33 [restartedMain] INFO  c.q.cs.QdmCareSupervisorApplication - Starting QdmCareSupervisorApplication on LAPTOP-GBKRVFU8 with PID 2008 (C:\Users\nandh\git\repository4\qdm-care-supervisor\target\classes started by nandh in C:\Users\nandh\git\repository4\qdm-care-supervisor)
2020-08-20 08:25:33 [restartedMain] DEBUG c.q.cs.QdmCareSupervisorApplication - Running with Spring Boot v2.3.2.RELEASE, Spring v5.2.8.RELEASE
2020-08-20 08:25:33 [restartedMain] INFO  c.q.cs.QdmCareSupervisorApplication - The following profiles are active: dev
2020-08-20 08:25:34 [restartedMain] INFO  c.q.cs.QdmCareSupervisorApplication - Started QdmCareSupervisorApplication in 1.497 seconds (JVM running for 638.228)
2020-08-20 08:26:04 [restartedMain] INFO  c.q.cs.QdmCareSupervisorApplication - Starting QdmCareSupervisorApplication on LAPTOP-GBKRVFU8 with PID 2008 (C:\Users\nandh\git\repository4\qdm-care-supervisor\target\classes started by nandh in C:\Users\nandh\git\repository4\qdm-care-supervisor)
2020-08-20 08:26:04 [restartedMain] DEBUG c.q.cs.QdmCareSupervisorApplication - Running with Spring Boot v2.3.2.RELEASE, Spring v5.2.8.RELEASE
2020-08-20 08:26:04 [restartedMain] INFO  c.q.cs.QdmCareSupervisorApplication - The following profiles are active: dev
2020-08-20 08:26:05 [restartedMain] INFO  c.q.cs.QdmCareSupervisorApplication - Started QdmCareSupervisorApplication in 1.423 seconds (JVM running for 668.926)
2020-08-20 08:27:12 [http-nio-8443-exec-2] INFO  c.q.c.u.c.CareGiverController - Care Giver Created Successfully With CareGiver_Id : 1
2020-08-20 08:27:32 [http-nio-8443-exec-3] INFO  c.q.c.u.c.CareGiverController - Get CareGiver Records By CareGiverId 1
2020-08-20 08:27:40 [http-nio-8443-exec-4] INFO  c.q.c.u.c.CareGiverController - Care Givers List {offset=0, total_count=1, list=[{service=, isactive=Active, name=care, profile_pic=http://localhost:8443/careSupervisor/management/careGiver/downloadFile/1, orderList=[{"count":0,"name":"Clients"}], id=1, category=[]}]}
2020-08-20 08:27:57 [http-nio-8443-exec-5] ERROR c.q.c.u.c.CareGiverController - Error Occured At UpdateCareGiver : No value present
2020-08-20 08:28:08 [http-nio-8443-exec-7] INFO  c.q.c.u.c.CareGiverController - CareGiver Updated Successfully with Id 1
2020-08-20 08:28:41 [http-nio-8443-exec-8] INFO  c.q.c.u.c.CareGiverController - Get CareGiver Records By CareGiverId 1
2020-08-20 08:29:05 [http-nio-8443-exec-9] INFO  c.q.c.u.c.CareGiverController - CareGiver Updated Successfully with Id 1
2020-08-20 08:29:12 [http-nio-8443-exec-10] INFO  c.q.c.u.c.CareGiverController - Get CareGiver Records By CareGiverId 1
2020-08-20 08:29:26 [http-nio-8443-exec-1] INFO  c.q.c.u.c.CareGiverController - CareGiver Updated Successfully with Id 1
2020-08-20 08:29:33 [http-nio-8443-exec-2] INFO  c.q.c.u.c.CareGiverController - Get CareGiver Records By CareGiverId 1
2020-08-20 08:29:40 [http-nio-8443-exec-3] INFO  c.q.c.u.c.CareGiverController - CareGiver Updated Successfully with Id 1
2020-08-20 08:29:44 [http-nio-8443-exec-4] INFO  c.q.c.u.c.CareGiverController - Get CareGiver Records By CareGiverId 1
2020-08-20 08:30:01 [http-nio-8443-exec-5] INFO  c.q.c.u.c.CareGiverController - CareGiver Updated Successfully with Id 1
2020-08-20 08:30:04 [http-nio-8443-exec-6] INFO  c.q.c.u.c.CareGiverController - Get CareGiver Records By CareGiverId 1
2020-08-20 08:30:44 [restartedMain] INFO  c.q.cs.QdmCareSupervisorApplication - Starting QdmCareSupervisorApplication on LAPTOP-GBKRVFU8 with PID 2008 (C:\Users\nandh\git\repository4\qdm-care-supervisor\target\classes started by nandh in C:\Users\nandh\git\repository4\qdm-care-supervisor)
2020-08-20 08:30:44 [restartedMain] DEBUG c.q.cs.QdmCareSupervisorApplication - Running with Spring Boot v2.3.2.RELEASE, Spring v5.2.8.RELEASE
2020-08-20 08:30:44 [restartedMain] INFO  c.q.cs.QdmCareSupervisorApplication - The following profiles are active: dev
2020-08-20 08:30:45 [restartedMain] INFO  c.q.cs.QdmCareSupervisorApplication - Started QdmCareSupervisorApplication in 1.299 seconds (JVM running for 948.826)
2020-08-20 08:38:59 [restartedMain] INFO  c.q.cs.QdmCareSupervisorApplication - Starting QdmCareSupervisorApplication on LAPTOP-GBKRVFU8 with PID 2008 (C:\Users\nandh\git\repository4\qdm-care-supervisor\target\classes started by nandh in C:\Users\nandh\git\repository4\qdm-care-supervisor)
2020-08-20 08:38:59 [restartedMain] DEBUG c.q.cs.QdmCareSupervisorApplication - Running with Spring Boot v2.3.2.RELEASE, Spring v5.2.8.RELEASE
2020-08-20 08:38:59 [restartedMain] INFO  c.q.cs.QdmCareSupervisorApplication - The following profiles are active: dev
2020-08-20 08:39:00 [restartedMain] INFO  c.q.cs.QdmCareSupervisorApplication - Started QdmCareSupervisorApplication in 1.477 seconds (JVM running for 1444.233)
2020-08-20 08:39:03 [restartedMain] INFO  c.q.cs.QdmCareSupervisorApplication - Starting QdmCareSupervisorApplication on LAPTOP-GBKRVFU8 with PID 2008 (C:\Users\nandh\git\repository4\qdm-care-supervisor\target\classes started by nandh in C:\Users\nandh\git\repository4\qdm-care-supervisor)
2020-08-20 08:39:03 [restartedMain] DEBUG c.q.cs.QdmCareSupervisorApplication - Running with Spring Boot v2.3.2.RELEASE, Spring v5.2.8.RELEASE
2020-08-20 08:39:03 [restartedMain] INFO  c.q.cs.QdmCareSupervisorApplication - The following profiles are active: dev
2020-08-20 08:39:04 [restartedMain] INFO  c.q.cs.QdmCareSupervisorApplication - Started QdmCareSupervisorApplication in 1.446 seconds (JVM running for 1448.428)
2020-08-20 08:39:35 [restartedMain] INFO  c.q.cs.QdmCareSupervisorApplication - Starting QdmCareSupervisorApplication on LAPTOP-GBKRVFU8 with PID 2008 (C:\Users\nandh\git\repository4\qdm-care-supervisor\target\classes started by nandh in C:\Users\nandh\git\repository4\qdm-care-supervisor)
2020-08-20 08:39:35 [restartedMain] DEBUG c.q.cs.QdmCareSupervisorApplication - Running with Spring Boot v2.3.2.RELEASE, Spring v5.2.8.RELEASE
2020-08-20 08:39:35 [restartedMain] INFO  c.q.cs.QdmCareSupervisorApplication - The following profiles are active: dev
2020-08-20 08:39:36 [restartedMain] INFO  c.q.cs.QdmCareSupervisorApplication - Started QdmCareSupervisorApplication in 1.334 seconds (JVM running for 1480.109)
2020-08-20 08:39:43 [restartedMain] INFO  c.q.cs.QdmCareSupervisorApplication - Starting QdmCareSupervisorApplication on LAPTOP-GBKRVFU8 with PID 2008 (C:\Users\nandh\git\repository4\qdm-care-supervisor\target\classes started by nandh in C:\Users\nandh\git\repository4\qdm-care-supervisor)
2020-08-20 08:39:43 [restartedMain] DEBUG c.q.cs.QdmCareSupervisorApplication - Running with Spring Boot v2.3.2.RELEASE, Spring v5.2.8.RELEASE
2020-08-20 08:39:43 [restartedMain] INFO  c.q.cs.QdmCareSupervisorApplication - The following profiles are active: dev
2020-08-20 08:39:44 [restartedMain] INFO  c.q.cs.QdmCareSupervisorApplication - Started QdmCareSupervisorApplication in 1.345 seconds (JVM running for 1488.253)
2020-08-20 08:41:36 [restartedMain] INFO  c.q.cs.QdmCareSupervisorApplication - Starting QdmCareSupervisorApplication on LAPTOP-GBKRVFU8 with PID 2008 (C:\Users\nandh\git\repository4\qdm-care-supervisor\target\classes started by nandh in C:\Users\nandh\git\repository4\qdm-care-supervisor)
2020-08-20 08:41:36 [restartedMain] DEBUG c.q.cs.QdmCareSupervisorApplication - Running with Spring Boot v2.3.2.RELEASE, Spring v5.2.8.RELEASE
2020-08-20 08:41:36 [restartedMain] INFO  c.q.cs.QdmCareSupervisorApplication - The following profiles are active: dev
2020-08-20 08:41:37 [restartedMain] INFO  c.q.cs.QdmCareSupervisorApplication - Started QdmCareSupervisorApplication in 1.436 seconds (JVM running for 1601.386)
2020-08-20 08:42:20 [restartedMain] INFO  c.q.cs.QdmCareSupervisorApplication - Starting QdmCareSupervisorApplication on LAPTOP-GBKRVFU8 with PID 2008 (C:\Users\nandh\git\repository4\qdm-care-supervisor\target\classes started by nandh in C:\Users\nandh\git\repository4\qdm-care-supervisor)
2020-08-20 08:42:20 [restartedMain] DEBUG c.q.cs.QdmCareSupervisorApplication - Running with Spring Boot v2.3.2.RELEASE, Spring v5.2.8.RELEASE
2020-08-20 08:42:20 [restartedMain] INFO  c.q.cs.QdmCareSupervisorApplication - The following profiles are active: dev
2020-08-20 08:42:21 [restartedMain] INFO  c.q.cs.QdmCareSupervisorApplication - Started QdmCareSupervisorApplication in 1.396 seconds (JVM running for 1645.269)
2020-08-20 08:44:07 [restartedMain] INFO  c.q.cs.QdmCareSupervisorApplication - Starting QdmCareSupervisorApplication on LAPTOP-GBKRVFU8 with PID 2008 (C:\Users\nandh\git\repository4\qdm-care-supervisor\target\classes started by nandh in C:\Users\nandh\git\repository4\qdm-care-supervisor)
2020-08-20 08:44:07 [restartedMain] DEBUG c.q.cs.QdmCareSupervisorApplication - Running with Spring Boot v2.3.2.RELEASE, Spring v5.2.8.RELEASE
2020-08-20 08:44:07 [restartedMain] INFO  c.q.cs.QdmCareSupervisorApplication - The following profiles are active: dev
2020-08-20 08:44:09 [restartedMain] INFO  c.q.cs.QdmCareSupervisorApplication - Started QdmCareSupervisorApplication in 1.427 seconds (JVM running for 1752.656)
2020-08-20 08:49:13 [restartedMain] INFO  c.q.cs.QdmCareSupervisorApplication - Starting QdmCareSupervisorApplication on LAPTOP-GBKRVFU8 with PID 2008 (C:\Users\nandh\git\repository4\qdm-care-supervisor\target\classes started by nandh in C:\Users\nandh\git\repository4\qdm-care-supervisor)
2020-08-20 08:49:13 [restartedMain] DEBUG c.q.cs.QdmCareSupervisorApplication - Running with Spring Boot v2.3.2.RELEASE, Spring v5.2.8.RELEASE
2020-08-20 08:49:13 [restartedMain] INFO  c.q.cs.QdmCareSupervisorApplication - The following profiles are active: dev
2020-08-20 08:49:14 [restartedMain] INFO  c.q.cs.QdmCareSupervisorApplication - Started QdmCareSupervisorApplication in 1.339 seconds (JVM running for 2057.98)
2020-08-20 08:50:52 [restartedMain] INFO  c.q.cs.QdmCareSupervisorApplication - Starting QdmCareSupervisorApplication on LAPTOP-GBKRVFU8 with PID 2008 (C:\Users\nandh\git\repository4\qdm-care-supervisor\target\classes started by nandh in C:\Users\nandh\git\repository4\qdm-care-supervisor)
2020-08-20 08:50:52 [restartedMain] DEBUG c.q.cs.QdmCareSupervisorApplication - Running with Spring Boot v2.3.2.RELEASE, Spring v5.2.8.RELEASE
2020-08-20 08:50:52 [restartedMain] INFO  c.q.cs.QdmCareSupervisorApplication - The following profiles are active: dev
2020-08-20 08:50:54 [restartedMain] INFO  c.q.cs.QdmCareSupervisorApplication - Started QdmCareSupervisorApplication in 1.448 seconds (JVM running for 2157.827)
2020-08-20 08:51:49 [restartedMain] INFO  c.q.cs.QdmCareSupervisorApplication - Starting QdmCareSupervisorApplication on LAPTOP-GBKRVFU8 with PID 2008 (C:\Users\nandh\git\repository4\qdm-care-supervisor\target\classes started by nandh in C:\Users\nandh\git\repository4\qdm-care-supervisor)
2020-08-20 08:51:49 [restartedMain] DEBUG c.q.cs.QdmCareSupervisorApplication - Running with Spring Boot v2.3.2.RELEASE, Spring v5.2.8.RELEASE
2020-08-20 08:51:49 [restartedMain] INFO  c.q.cs.QdmCareSupervisorApplication - The following profiles are active: dev
2020-08-20 08:51:50 [restartedMain] INFO  c.q.cs.QdmCareSupervisorApplication - Started QdmCareSupervisorApplication in 1.374 seconds (JVM running for 2213.978)
2020-08-20 08:55:19 [restartedMain] INFO  c.q.cs.QdmCareSupervisorApplication - Starting QdmCareSupervisorApplication on LAPTOP-GBKRVFU8 with PID 2008 (C:\Users\nandh\git\repository4\qdm-care-supervisor\target\classes started by nandh in C:\Users\nandh\git\repository4\qdm-care-supervisor)
2020-08-20 08:55:19 [restartedMain] DEBUG c.q.cs.QdmCareSupervisorApplication - Running with Spring Boot v2.3.2.RELEASE, Spring v5.2.8.RELEASE
2020-08-20 08:55:19 [restartedMain] INFO  c.q.cs.QdmCareSupervisorApplication - The following profiles are active: dev
2020-08-20 08:55:20 [restartedMain] INFO  c.q.cs.QdmCareSupervisorApplication - Started QdmCareSupervisorApplication in 1.368 seconds (JVM running for 2424.105)
2020-08-20 09:02:17 [restartedMain] INFO  c.q.cs.QdmCareSupervisorApplication - Starting QdmCareSupervisorApplication on LAPTOP-GBKRVFU8 with PID 2008 (C:\Users\nandh\git\repository4\qdm-care-supervisor\target\classes started by nandh in C:\Users\nandh\git\repository4\qdm-care-supervisor)
2020-08-20 09:02:17 [restartedMain] DEBUG c.q.cs.QdmCareSupervisorApplication - Running with Spring Boot v2.3.2.RELEASE, Spring v5.2.8.RELEASE
2020-08-20 09:02:17 [restartedMain] INFO  c.q.cs.QdmCareSupervisorApplication - The following profiles are active: dev
2020-08-20 09:02:19 [restartedMain] INFO  c.q.cs.QdmCareSupervisorApplication - Started QdmCareSupervisorApplication in 1.243 seconds (JVM running for 2842.551)
2020-08-20 09:04:17 [restartedMain] INFO  c.q.cs.QdmCareSupervisorApplication - Starting QdmCareSupervisorApplication on LAPTOP-GBKRVFU8 with PID 2008 (C:\Users\nandh\git\repository4\qdm-care-supervisor\target\classes started by nandh in C:\Users\nandh\git\repository4\qdm-care-supervisor)
2020-08-20 09:04:17 [restartedMain] DEBUG c.q.cs.QdmCareSupervisorApplication - Running with Spring Boot v2.3.2.RELEASE, Spring v5.2.8.RELEASE
2020-08-20 09:04:17 [restartedMain] INFO  c.q.cs.QdmCareSupervisorApplication - The following profiles are active: dev
2020-08-20 09:04:19 [restartedMain] INFO  c.q.cs.QdmCareSupervisorApplication - Started QdmCareSupervisorApplication in 1.41 seconds (JVM running for 2962.567)
2020-08-20 09:04:54 [http-nio-8443-exec-2] INFO  c.q.c.u.c.CareCoordinatorController - Care Giver Created Successfully With CareGiver_Id : 1
2020-08-20 09:05:13 [http-nio-8443-exec-3] INFO  c.q.c.u.c.CareCoordinatorController - Get All CareCoordinator Records - Total Count : 3
2020-08-20 09:05:34 [http-nio-8443-exec-4] INFO  c.q.c.u.c.CareCoordinatorController - Get CareGiver Records By CareGiverId 1
2020-08-20 09:06:03 [http-nio-8443-exec-6] INFO  c.q.c.u.c.CareCoordinatorController - Updated Care Coordinator Successfully with Id : 1
2020-08-20 09:06:22 [http-nio-8443-exec-5] INFO  c.q.c.u.c.CareCoordinatorController - Get All CareCoordinator Records - Total Count : 3
2020-08-20 09:06:31 [http-nio-8443-exec-7] INFO  c.q.c.u.c.CareCoordinatorController - Get CareGiver Records By CareGiverId 1
2020-08-20 09:06:53 [http-nio-8443-exec-8] INFO  c.q.c.u.c.CareCoordinatorController - Updated Care Coordinator Successfully with Id : 1
2020-08-20 09:06:58 [http-nio-8443-exec-9] INFO  c.q.c.u.c.CareCoordinatorController - Get CareGiver Records By CareGiverId 1
2020-08-20 09:07:08 [http-nio-8443-exec-10] INFO  c.q.c.u.c.CareCoordinatorController - Get All CareCoordinator Records - Total Count : 3
2020-08-20 09:07:21 [http-nio-8443-exec-1] INFO  c.q.c.u.c.CareCoordinatorController - Updated Care Coordinator Successfully with Id : 1
2020-08-20 09:07:26 [http-nio-8443-exec-2] INFO  c.q.c.u.c.CareCoordinatorController - Get CareGiver Records By CareGiverId 1
2020-08-20 09:10:13 [restartedMain] INFO  c.q.cs.QdmCareSupervisorApplication - Starting QdmCareSupervisorApplication on LAPTOP-GBKRVFU8 with PID 2008 (C:\Users\nandh\git\repository4\qdm-care-supervisor\target\classes started by nandh in C:\Users\nandh\git\repository4\qdm-care-supervisor)
2020-08-20 09:10:13 [restartedMain] DEBUG c.q.cs.QdmCareSupervisorApplication - Running with Spring Boot v2.3.2.RELEASE, Spring v5.2.8.RELEASE
2020-08-20 09:10:13 [restartedMain] INFO  c.q.cs.QdmCareSupervisorApplication - The following profiles are active: dev
2020-08-20 09:10:15 [restartedMain] INFO  c.q.cs.QdmCareSupervisorApplication - Started QdmCareSupervisorApplication in 1.444 seconds (JVM running for 3318.575)
2020-08-20 09:11:20 [http-nio-8443-exec-5] INFO  c.q.c.u.c.CareCoordinatorController - Get All CareCoordinator Records - Total Count : 3
2020-08-20 09:13:51 [restartedMain] INFO  c.q.cs.QdmCareSupervisorApplication - Starting QdmCareSupervisorApplication on LAPTOP-GBKRVFU8 with PID 2008 (C:\Users\nandh\git\repository4\qdm-care-supervisor\target\classes started by nandh in C:\Users\nandh\git\repository4\qdm-care-supervisor)
2020-08-20 09:13:51 [restartedMain] DEBUG c.q.cs.QdmCareSupervisorApplication - Running with Spring Boot v2.3.2.RELEASE, Spring v5.2.8.RELEASE
2020-08-20 09:13:51 [restartedMain] INFO  c.q.cs.QdmCareSupervisorApplication - The following profiles are active: dev
2020-08-20 09:13:53 [restartedMain] INFO  c.q.cs.QdmCareSupervisorApplication - Started QdmCareSupervisorApplication in 1.381 seconds (JVM running for 3536.707)
2020-08-20 09:14:30 [restartedMain] INFO  c.q.cs.QdmCareSupervisorApplication - Starting QdmCareSupervisorApplication on LAPTOP-GBKRVFU8 with PID 2008 (C:\Users\nandh\git\repository4\qdm-care-supervisor\target\classes started by nandh in C:\Users\nandh\git\repository4\qdm-care-supervisor)
2020-08-20 09:14:30 [restartedMain] DEBUG c.q.cs.QdmCareSupervisorApplication - Running with Spring Boot v2.3.2.RELEASE, Spring v5.2.8.RELEASE
2020-08-20 09:14:30 [restartedMain] INFO  c.q.cs.QdmCareSupervisorApplication - The following profiles are active: dev
2020-08-20 09:14:32 [restartedMain] INFO  c.q.cs.QdmCareSupervisorApplication - Started QdmCareSupervisorApplication in 1.456 seconds (JVM running for 3575.852)
2020-08-20 09:19:49 [restartedMain] INFO  c.q.cs.QdmCareSupervisorApplication - Starting QdmCareSupervisorApplication on LAPTOP-GBKRVFU8 with PID 2008 (C:\Users\nandh\git\repository4\qdm-care-supervisor\target\classes started by nandh in C:\Users\nandh\git\repository4\qdm-care-supervisor)
2020-08-20 09:19:49 [restartedMain] DEBUG c.q.cs.QdmCareSupervisorApplication - Running with Spring Boot v2.3.2.RELEASE, Spring v5.2.8.RELEASE
2020-08-20 09:19:49 [restartedMain] INFO  c.q.cs.QdmCareSupervisorApplication - The following profiles are active: dev
2020-08-20 09:19:51 [restartedMain] INFO  c.q.cs.QdmCareSupervisorApplication - Started QdmCareSupervisorApplication in 1.43 seconds (JVM running for 3894.811)
2020-08-20 09:22:06 [restartedMain] INFO  c.q.cs.QdmCareSupervisorApplication - Starting QdmCareSupervisorApplication on LAPTOP-GBKRVFU8 with PID 2008 (C:\Users\nandh\git\repository4\qdm-care-supervisor\target\classes started by nandh in C:\Users\nandh\git\repository4\qdm-care-supervisor)
2020-08-20 09:22:06 [restartedMain] DEBUG c.q.cs.QdmCareSupervisorApplication - Running with Spring Boot v2.3.2.RELEASE, Spring v5.2.8.RELEASE
2020-08-20 09:22:06 [restartedMain] INFO  c.q.cs.QdmCareSupervisorApplication - The following profiles are active: dev
2020-08-20 09:22:08 [restartedMain] INFO  c.q.cs.QdmCareSupervisorApplication - Started QdmCareSupervisorApplication in 1.387 seconds (JVM running for 4031.721)
2020-08-20 09:23:58 [restartedMain] INFO  c.q.cs.QdmCareSupervisorApplication - Starting QdmCareSupervisorApplication on LAPTOP-GBKRVFU8 with PID 2008 (C:\Users\nandh\git\repository4\qdm-care-supervisor\target\classes started by nandh in C:\Users\nandh\git\repository4\qdm-care-supervisor)
2020-08-20 09:23:58 [restartedMain] DEBUG c.q.cs.QdmCareSupervisorApplication - Running with Spring Boot v2.3.2.RELEASE, Spring v5.2.8.RELEASE
2020-08-20 09:23:58 [restartedMain] INFO  c.q.cs.QdmCareSupervisorApplication - The following profiles are active: dev
2020-08-20 09:23:59 [restartedMain] INFO  c.q.cs.QdmCareSupervisorApplication - Started QdmCareSupervisorApplication in 1.403 seconds (JVM running for 4143.127)
2020-08-20 09:33:14 [restartedMain] INFO  c.q.cs.QdmCareSupervisorApplication - Starting QdmCareSupervisorApplication on LAPTOP-GBKRVFU8 with PID 2008 (C:\Users\nandh\git\repository4\qdm-care-supervisor\target\classes started by nandh in C:\Users\nandh\git\repository4\qdm-care-supervisor)
2020-08-20 09:33:14 [restartedMain] DEBUG c.q.cs.QdmCareSupervisorApplication - Running with Spring Boot v2.3.2.RELEASE, Spring v5.2.8.RELEASE
2020-08-20 09:33:14 [restartedMain] INFO  c.q.cs.QdmCareSupervisorApplication - The following profiles are active: dev
2020-08-20 09:33:15 [restartedMain] INFO  c.q.cs.QdmCareSupervisorApplication - Started QdmCareSupervisorApplication in 1.43 seconds (JVM running for 4699.28)
2020-08-20 09:33:21 [restartedMain] INFO  c.q.cs.QdmCareSupervisorApplication - Starting QdmCareSupervisorApplication on LAPTOP-GBKRVFU8 with PID 2008 (C:\Users\nandh\git\repository4\qdm-care-supervisor\target\classes started by nandh in C:\Users\nandh\git\repository4\qdm-care-supervisor)
2020-08-20 09:33:21 [restartedMain] DEBUG c.q.cs.QdmCareSupervisorApplication - Running with Spring Boot v2.3.2.RELEASE, Spring v5.2.8.RELEASE
2020-08-20 09:33:21 [restartedMain] INFO  c.q.cs.QdmCareSupervisorApplication - The following profiles are active: dev
2020-08-20 09:33:23 [restartedMain] INFO  c.q.cs.QdmCareSupervisorApplication - Started QdmCareSupervisorApplication in 1.275 seconds (JVM running for 4706.435)
2020-08-20 09:33:49 [restartedMain] INFO  c.q.cs.QdmCareSupervisorApplication - Starting QdmCareSupervisorApplication on LAPTOP-GBKRVFU8 with PID 2008 (C:\Users\nandh\git\repository4\qdm-care-supervisor\target\classes started by nandh in C:\Users\nandh\git\repository4\qdm-care-supervisor)
2020-08-20 09:33:49 [restartedMain] DEBUG c.q.cs.QdmCareSupervisorApplication - Running with Spring Boot v2.3.2.RELEASE, Spring v5.2.8.RELEASE
2020-08-20 09:33:49 [restartedMain] INFO  c.q.cs.QdmCareSupervisorApplication - The following profiles are active: dev
2020-08-20 09:33:50 [restartedMain] INFO  c.q.cs.QdmCareSupervisorApplication - Started QdmCareSupervisorApplication in 1.315 seconds (JVM running for 4734.035)
2020-08-20 09:34:19 [restartedMain] INFO  c.q.cs.QdmCareSupervisorApplication - Starting QdmCareSupervisorApplication on LAPTOP-GBKRVFU8 with PID 2008 (C:\Users\nandh\git\repository4\qdm-care-supervisor\target\classes started by nandh in C:\Users\nandh\git\repository4\qdm-care-supervisor)
2020-08-20 09:34:19 [restartedMain] DEBUG c.q.cs.QdmCareSupervisorApplication - Running with Spring Boot v2.3.2.RELEASE, Spring v5.2.8.RELEASE
2020-08-20 09:34:19 [restartedMain] INFO  c.q.cs.QdmCareSupervisorApplication - The following profiles are active: dev
2020-08-20 09:34:20 [restartedMain] INFO  c.q.cs.QdmCareSupervisorApplication - Started QdmCareSupervisorApplication in 1.397 seconds (JVM running for 4764.36)
2020-08-20 09:36:55 [restartedMain] INFO  c.q.cs.QdmCareSupervisorApplication - Starting QdmCareSupervisorApplication on LAPTOP-GBKRVFU8 with PID 2008 (C:\Users\nandh\git\repository4\qdm-care-supervisor\target\classes started by nandh in C:\Users\nandh\git\repository4\qdm-care-supervisor)
2020-08-20 09:36:55 [restartedMain] DEBUG c.q.cs.QdmCareSupervisorApplication - Running with Spring Boot v2.3.2.RELEASE, Spring v5.2.8.RELEASE
2020-08-20 09:36:55 [restartedMain] INFO  c.q.cs.QdmCareSupervisorApplication - The following profiles are active: dev
2020-08-20 09:36:56 [restartedMain] INFO  c.q.cs.QdmCareSupervisorApplication - Started QdmCareSupervisorApplication in 1.31 seconds (JVM running for 4920.355)
2020-08-20 09:40:44 [restartedMain] INFO  c.q.cs.QdmCareSupervisorApplication - Starting QdmCareSupervisorApplication on LAPTOP-GBKRVFU8 with PID 2008 (C:\Users\nandh\git\repository4\qdm-care-supervisor\target\classes started by nandh in C:\Users\nandh\git\repository4\qdm-care-supervisor)
2020-08-20 09:40:44 [restartedMain] DEBUG c.q.cs.QdmCareSupervisorApplication - Running with Spring Boot v2.3.2.RELEASE, Spring v5.2.8.RELEASE
2020-08-20 09:40:44 [restartedMain] INFO  c.q.cs.QdmCareSupervisorApplication - The following profiles are active: dev
2020-08-20 09:40:46 [restartedMain] INFO  c.q.cs.QdmCareSupervisorApplication - Started QdmCareSupervisorApplication in 1.424 seconds (JVM running for 5149.566)
2020-08-20 09:41:28 [http-nio-8443-exec-2] INFO  c.q.c.u.c.CareProviderController - Created Care Provider Successfully With ID : 1
2020-08-20 09:42:09 [http-nio-8443-exec-4] INFO  c.q.c.u.c.CareProviderController - Get All CareProviders Records
2020-08-20 09:42:40 [http-nio-8443-exec-3] INFO  c.q.c.u.c.CareProviderController - Get CareProvider Records By CareProviderId 1
2020-08-20 09:43:30 [http-nio-8443-exec-5] INFO  c.q.c.u.c.CareProviderController - Updated Care Provider With Id : 1
2020-08-20 09:43:35 [http-nio-8443-exec-7] INFO  c.q.c.u.c.CareProviderController - Updated Care Provider With Id : 1
2020-08-20 09:43:44 [http-nio-8443-exec-6] INFO  c.q.c.u.c.CareProviderController - Get CareProvider Records By CareProviderId 1
2020-08-20 09:44:09 [http-nio-8443-exec-8] INFO  c.q.c.u.c.CareProviderController - Updated Care Provider With Id : 1
2020-08-20 09:44:14 [http-nio-8443-exec-9] INFO  c.q.c.u.c.CareProviderController - Get CareProvider Records By CareProviderId 1
2020-08-20 09:44:23 [http-nio-8443-exec-10] INFO  c.q.c.u.c.CareProviderController - Updated Care Provider With Id : 1
2020-08-20 09:44:39 [http-nio-8443-exec-1] INFO  c.q.c.u.c.CareProviderController - Get CareProvider Records By CareProviderId 1
2020-08-20 09:48:05 [restartedMain] INFO  c.q.cs.QdmCareSupervisorApplication - Starting QdmCareSupervisorApplication on LAPTOP-GBKRVFU8 with PID 2008 (C:\Users\nandh\git\repository4\qdm-care-supervisor\target\classes started by nandh in C:\Users\nandh\git\repository4\qdm-care-supervisor)
2020-08-20 09:48:05 [restartedMain] DEBUG c.q.cs.QdmCareSupervisorApplication - Running with Spring Boot v2.3.2.RELEASE, Spring v5.2.8.RELEASE
2020-08-20 09:48:05 [restartedMain] INFO  c.q.cs.QdmCareSupervisorApplication - The following profiles are active: dev
2020-08-20 09:48:06 [restartedMain] INFO  c.q.cs.QdmCareSupervisorApplication - Started QdmCareSupervisorApplication in 1.03 seconds (JVM running for 5589.998)
2020-08-20 14:17:35 [restartedMain] INFO  c.q.cs.QdmCareSupervisorApplication - Starting QdmCareSupervisorApplication on LAPTOP-GBKRVFU8 with PID 6152 (C:\Users\nandh\git\repository4\qdm-care-supervisor\target\classes started by nandh in C:\Users\nandh\git\repository4\qdm-care-supervisor)
2020-08-20 14:17:35 [restartedMain] DEBUG c.q.cs.QdmCareSupervisorApplication - Running with Spring Boot v2.3.2.RELEASE, Spring v5.2.8.RELEASE
2020-08-20 14:17:35 [restartedMain] INFO  c.q.cs.QdmCareSupervisorApplication - The following profiles are active: dev
2020-08-20 14:18:10 [restartedMain] INFO  c.q.cs.QdmCareSupervisorApplication - Starting QdmCareSupervisorApplication on LAPTOP-GBKRVFU8 with PID 6772 (C:\Users\nandh\git\repository4\qdm-care-supervisor\target\classes started by nandh in C:\Users\nandh\git\repository4\qdm-care-supervisor)
2020-08-20 14:18:10 [restartedMain] DEBUG c.q.cs.QdmCareSupervisorApplication - Running with Spring Boot v2.3.2.RELEASE, Spring v5.2.8.RELEASE
2020-08-20 14:18:10 [restartedMain] INFO  c.q.cs.QdmCareSupervisorApplication - The following profiles are active: dev
2020-08-20 14:18:14 [restartedMain] INFO  c.q.cs.QdmCareSupervisorApplication - Started QdmCareSupervisorApplication in 3.774 seconds (JVM running for 4.648)
2020-08-20 14:18:51 [http-nio-8443-exec-2] INFO  c.q.c.u.c.CareCoordinatorController - Care Giver Created Successfully With CareGiver_Id : 1
2020-08-20 14:19:09 [http-nio-8443-exec-3] INFO  c.q.c.u.c.CareCoordinatorController - Get All CareCoordinator Records - Total Count : 3
2020-08-20 14:19:23 [http-nio-8443-exec-4] INFO  c.q.c.u.c.CareCoordinatorController - Get CareGiver Records By CareGiverId 1
2020-08-20 14:19:46 [http-nio-8443-exec-5] INFO  c.q.c.u.c.CareCoordinatorController - Updated Care Coordinator Successfully with Id : 1
2020-08-20 14:19:57 [http-nio-8443-exec-6] INFO  c.q.c.u.c.CareCoordinatorController - Get CareGiver Records By CareGiverId 1
2020-08-21 10:42:20 [restartedMain] INFO  c.q.cs.QdmCareSupervisorApplication - Starting QdmCareSupervisorApplication on LAPTOP-GBKRVFU8 with PID 11244 (D:\Prodian Regardings\Latest Code\CareSupervisor-UserManagement--master\CareSupervisor-UserManagement--master\qdm-care-supervisor\target\classes started by nandh in D:\Prodian Regardings\Latest Code\CareSupervisor-UserManagement--master\CareSupervisor-UserManagement--master\qdm-care-supervisor)
2020-08-21 10:42:20 [restartedMain] DEBUG c.q.cs.QdmCareSupervisorApplication - Running with Spring Boot v2.3.2.RELEASE, Spring v5.2.8.RELEASE
2020-08-21 10:42:20 [restartedMain] INFO  c.q.cs.QdmCareSupervisorApplication - The following profiles are active: dev
2020-08-21 10:42:22 [restartedMain] INFO  c.q.cs.QdmCareSupervisorApplication - Started QdmCareSupervisorApplication in 2.84 seconds (JVM running for 3.508)
2020-08-21 10:42:31 [restartedMain] INFO  c.q.cs.QdmCareSupervisorApplication - Starting QdmCareSupervisorApplication on LAPTOP-GBKRVFU8 with PID 11244 (D:\Prodian Regardings\Latest Code\CareSupervisor-UserManagement--master\CareSupervisor-UserManagement--master\qdm-care-supervisor\target\classes started by nandh in D:\Prodian Regardings\Latest Code\CareSupervisor-UserManagement--master\CareSupervisor-UserManagement--master\qdm-care-supervisor)
2020-08-21 10:42:31 [restartedMain] DEBUG c.q.cs.QdmCareSupervisorApplication - Running with Spring Boot v2.3.2.RELEASE, Spring v5.2.8.RELEASE
2020-08-21 10:42:31 [restartedMain] INFO  c.q.cs.QdmCareSupervisorApplication - The following profiles are active: dev
