2020-08-20 19:45:45 [restartedMain] INFO  c.q.c.QdmCareGiverClientsApplication - Starting QdmCareGiverClientsApplication on LAPTOP-GBKRVFU8 with PID 6212 (C:\Users\nandh\Documents\Prodian Project code\Nandhinee-Clients Cors\qdm-care-giver-clients\target\classes started by nandh in C:\Users\nandh\Documents\Prodian Project code\Nandhinee-Clients Cors\qdm-care-giver-clients)
2020-08-20 19:45:45 [restartedMain] DEBUG c.q.c.QdmCareGiverClientsApplication - Running with Spring Boot v2.3.2.RELEASE, Spring v5.2.8.RELEASE
2020-08-20 19:45:45 [restartedMain] INFO  c.q.c.QdmCareGiverClientsApplication - The following profiles are active: dev
2020-08-20 19:45:49 [restartedMain] INFO  c.q.c.QdmCareGiverClientsApplication - Started QdmCareGiverClientsApplication in 4.442 seconds (JVM running for 5.428)
2020-08-20 19:46:02 [restartedMain] INFO  c.q.c.QdmCareGiverClientsApplication - Starting QdmCareGiverClientsApplication on LAPTOP-GBKRVFU8 with PID 6212 (C:\Users\nandh\Documents\Prodian Project code\Nandhinee-Clients Cors\qdm-care-giver-clients\target\classes started by nandh in C:\Users\nandh\Documents\Prodian Project code\Nandhinee-Clients Cors\qdm-care-giver-clients)
2020-08-20 19:46:02 [restartedMain] DEBUG c.q.c.QdmCareGiverClientsApplication - Running with Spring Boot v2.3.2.RELEASE, Spring v5.2.8.RELEASE
2020-08-20 19:46:02 [restartedMain] INFO  c.q.c.QdmCareGiverClientsApplication - The following profiles are active: dev
2020-08-20 19:46:03 [restartedMain] INFO  c.q.c.QdmCareGiverClientsApplication - Started QdmCareGiverClientsApplication in 1.247 seconds (JVM running for 19.511)
2020-08-20 19:46:58 [http-nio-8444-exec-2] INFO  c.q.c.c.controller.ClientController - Client Created Successfully With ClientId : 1
2020-08-20 19:47:23 [http-nio-8444-exec-3] INFO  c.q.c.c.controller.ClientController - Clients List [{is_active=Active, upcoming_activity=Initial asessment, gender=Male, status_type=Needs medical attention, contact=99999999, name=test, profile_pic=http://localhost:8444/careGiver/clients/downloadFile/1, id=1, age=1, email=test}]
2020-08-20 19:47:44 [http-nio-8444-exec-4] INFO  c.q.c.c.controller.ClientController - ClientById {subscriptions=[], is_active=Active, gender=Male, status_type=, mobile_no=99999999, profile_pic=http://localhost:8444/careGiver/clients/downloadFile/1, recent_vital_signs=[{vital_sign=Body Temperature, value=98, measure_unit=Celsius}, {vital_sign=Blood Pressure, value=Normal, measure_unit=}, {vital_sign=Pulse Rate, value=98, measure_unit=Bpm}, {vital_sign=Respiration Rate, value=99, measure_unit=Bpm}], upcoming_activity=Initial asessment, user_type=Pro, name=test, id=1, age=1, email=test, emergency_contact={contact_name=test, mobile_no=999999999}}
2020-08-20 19:49:21 [restartedMain] INFO  c.q.c.QdmCareGiverClientsApplication - Starting QdmCareGiverClientsApplication on LAPTOP-GBKRVFU8 with PID 6212 (C:\Users\nandh\Documents\Prodian Project code\Nandhinee-Clients Cors\qdm-care-giver-clients\target\classes started by nandh in C:\Users\nandh\Documents\Prodian Project code\Nandhinee-Clients Cors\qdm-care-giver-clients)
2020-08-20 19:49:21 [restartedMain] DEBUG c.q.c.QdmCareGiverClientsApplication - Running with Spring Boot v2.3.2.RELEASE, Spring v5.2.8.RELEASE
2020-08-20 19:49:21 [restartedMain] INFO  c.q.c.QdmCareGiverClientsApplication - The following profiles are active: dev
2020-08-20 19:49:22 [restartedMain] INFO  c.q.c.QdmCareGiverClientsApplication - Started QdmCareGiverClientsApplication in 1.265 seconds (JVM running for 218.758)
2020-08-20 19:49:37 [restartedMain] INFO  c.q.c.QdmCareGiverClientsApplication - Starting QdmCareGiverClientsApplication on LAPTOP-GBKRVFU8 with PID 6212 (C:\Users\nandh\Documents\Prodian Project code\Nandhinee-Clients Cors\qdm-care-giver-clients\target\classes started by nandh in C:\Users\nandh\Documents\Prodian Project code\Nandhinee-Clients Cors\qdm-care-giver-clients)
2020-08-20 19:49:37 [restartedMain] DEBUG c.q.c.QdmCareGiverClientsApplication - Running with Spring Boot v2.3.2.RELEASE, Spring v5.2.8.RELEASE
2020-08-20 19:49:37 [restartedMain] INFO  c.q.c.QdmCareGiverClientsApplication - The following profiles are active: dev
2020-08-20 19:49:41 [restartedMain] INFO  c.q.c.QdmCareGiverClientsApplication - Starting QdmCareGiverClientsApplication on LAPTOP-GBKRVFU8 with PID 6212 (C:\Users\nandh\Documents\Prodian Project code\Nandhinee-Clients Cors\qdm-care-giver-clients\target\classes started by nandh in C:\Users\nandh\Documents\Prodian Project code\Nandhinee-Clients Cors\qdm-care-giver-clients)
2020-08-20 19:49:41 [restartedMain] DEBUG c.q.c.QdmCareGiverClientsApplication - Running with Spring Boot v2.3.2.RELEASE, Spring v5.2.8.RELEASE
2020-08-20 19:49:41 [restartedMain] INFO  c.q.c.QdmCareGiverClientsApplication - The following profiles are active: dev
2020-08-20 19:54:53 [restartedMain] INFO  c.q.c.QdmCareGiverClientsApplication - Starting QdmCareGiverClientsApplication on LAPTOP-GBKRVFU8 with PID 1412 (C:\Users\nandh\Documents\Prodian Project code\Nandhinee-Clients Cors\qdm-care-giver-clients\target\classes started by nandh in C:\Users\nandh\Documents\Prodian Project code\Nandhinee-Clients Cors\qdm-care-giver-clients)
2020-08-20 19:54:53 [restartedMain] DEBUG c.q.c.QdmCareGiverClientsApplication - Running with Spring Boot v2.3.2.RELEASE, Spring v5.2.8.RELEASE
2020-08-20 19:54:53 [restartedMain] INFO  c.q.c.QdmCareGiverClientsApplication - The following profiles are active: dev
2020-08-20 19:54:57 [restartedMain] INFO  c.q.c.QdmCareGiverClientsApplication - Started QdmCareGiverClientsApplication in 4.403 seconds (JVM running for 5.238)
2020-08-20 19:56:05 [http-nio-8444-exec-2] INFO  c.q.c.c.controller.ClientController - Client Created Successfully With ClientId : 1
2020-08-20 19:56:12 [http-nio-8444-exec-3] INFO  c.q.c.c.controller.ClientController - Clients List [{is_active=Active, upcoming_activity=Initial asessment, gender=Male, status_type=Needs medical attention, contact=99999999, name=test, profile_pic=http://localhost:8444/careGiver/clients/downloadFile/1, id=1, age=1, email=test}]
2020-08-20 19:56:17 [http-nio-8444-exec-4] INFO  c.q.c.c.controller.ClientController - ClientById {subscriptions=[], is_active=Active, gender=Male, status_type=, mobile_no=99999999, profile_pic=http://localhost:8444/careGiver/clients/downloadFile/1, recent_vital_signs=[{vital_sign=Body Temperature, value=98, measure_unit=Celsius}, {vital_sign=Blood Pressure, value=Normal, measure_unit=}, {vital_sign=Pulse Rate, value=98, measure_unit=Bpm}, {vital_sign=Respiration Rate, value=99, measure_unit=Bpm}], upcoming_activity=Initial asessment, user_type=Pro, name=test, id=1, age=1, email=test, emergency_contact={contact_name=test, mobile_no=999999999}}
2020-08-21 10:40:19 [restartedMain] INFO  c.q.c.QdmCareGiverClientsApplication - Starting QdmCareGiverClientsApplication on LAPTOP-GBKRVFU8 with PID 2452 (D:\Prodian Regardings\Latest Code\CareGiver-Clients--master\CareGiver-Clients--master\qdm-care-giver-clients\target\classes started by nandh in D:\Prodian Regardings\Latest Code\CareGiver-Clients--master\CareGiver-Clients--master\qdm-care-giver-clients)
2020-08-21 10:40:19 [restartedMain] DEBUG c.q.c.QdmCareGiverClientsApplication - Running with Spring Boot v2.3.2.RELEASE, Spring v5.2.8.RELEASE
2020-08-21 10:40:19 [restartedMain] INFO  c.q.c.QdmCareGiverClientsApplication - The following profiles are active: dev
2020-08-21 10:40:22 [restartedMain] INFO  c.q.c.QdmCareGiverClientsApplication - Started QdmCareGiverClientsApplication in 2.93 seconds (JVM running for 3.609)
